


ARM Macro Assembler    Page 1 


    1 00000000                 AREA             datos, DATA
    2 00000000         
    3 00000000         ; vectores de deltas
    4 00000000 00 FF FF 
              01       dta_fila
                               DCB              0, -1, -1, 1
    5 00000004 FF 00 FF 
              FF       dta_columna
                               DCB              -1, 0, -1, -1
    6 00000008         
    7 00000008         
    8 00000008         
    9 00000008                 AREA             codigo, CODE
   10 00000000         
   11 00000000                 EXPORT           conecta_K_hay_linea_arm_c
   12 00000000                 IMPORT           conecta_K_buscar_alineamiento_c
   13 00000000                 PRESERVE8        {TRUE}
   14 00000000         
   15 00000000         ; Funcionamiento:
   16 00000000         ; Devuelve true (1) si encuentra una línea de 
   17 00000000         ; longitud mayor o igual a _K y false (0) en caso contra
                       rio.
   18 00000000         
   19 00000000         ; Parámetros:
   20 00000000         ;  - Cuadrícula
   21 00000000         ;  - Fila
   22 00000000         ;  - Columna
   23 00000000         ; - Color
   24 00000000         ; - delta_fila (parámetro en pila)
   25 00000000         ; - delta_columna (parámetro en pila)
   26 00000000         
   27 00000000         
   28 00000000         conecta_K_hay_linea_arm_c
   29 00000000         
   30 00000000         ; PROLOGO
   31 00000000 E1A0C00D        MOV              IP, SP
   32 00000004 E92DDFF0        STMDB            SP!, {r4-r10,FP,IP,LR,PC}
   33 00000008 E24CB004        SUB              FP, IP, #4
   34 0000000C         ;-----------------------
   35 0000000C         
   36 0000000C         ; preservar parámetros
   37 0000000C E1A04000        MOV              r4, r0      ; cuadrícula
   38 00000010 E1A05001        MOV              r5, r1      ; fila
   39 00000014 E1A06002        MOV              r6, r2      ; columna
   40 00000018 E1A07003        MOV              r7, r3      ; color
   41 0000001C         
   42 0000001C         ; Inicio 
   43 0000001C         
   44 0000001C         ; inicialización de variables
   45 0000001C E3A08000        MOV              r8, #0      ; unsigned int i = 
                                                            0
   46 00000020 E3A09000        MOV              r9, #0      ; uint8_t linea = 0
                                                            
   47 00000024 E3A0A000        MOV              r10, #0     ; uint8_t long_line
                                                            a = 0
   48 00000028         
   49 00000028         ; for(i=0; (i < 4) && (linea == FALSE); ++i)
   50 00000028         bucle_for
   51 00000028         



ARM Macro Assembler    Page 2 


   52 00000028         ; Condición de bucle 
   53 00000028         ; (i < N_DELTAS) && (linea == FALSE)
   54 00000028 E3580004        CMP              r8, #4
   55 0000002C AA000022        BGE              return
   56 00000030 E3590000        CMP              r9, #0
   57 00000034 1A000020        BNE              return
   58 00000038         
   59 00000038         ; Apilar deltas como parámetros
   60 00000038         
   61 00000038         ; @ de vectores de deltas
   62 00000038 E59F1084        LDR              r1, =dta_fila
   63 0000003C E59F2084        LDR              r2, =dta_columna
   64 00000040         
   65 00000040         ; lectura de la i-ésima componente
   66 00000040         ; de cada vector
   67 00000040 E19110D8        LDRSB            r1, [r1, r8] ; dta_fila[i]
   68 00000044 E19220D8        LDRSB            r2, [r2, r8] ; dta_columna[i]
   69 00000048 E92D0006        STMDB            sp!, {r1, r2}
   70 0000004C         
   71 0000004C         ; parámetros fila y columna originales
   72 0000004C E1A01005        MOV              r1, r5      ; r1 = fila_origina
                                                            l
   73 00000050 E1A02006        MOV              r2, r6      ; r2 = columna_orig
                                                            inal
   74 00000054         
   75 00000054 EBFFFFFE        BL               conecta_K_buscar_alineamiento_c
   76 00000058 E1A0A000        MOV              r10, r0     ; long_linea = cone
                                                            cta_K_buscar_alinea
                                                            miento_c()
   77 0000005C E1A00004        MOV              r0, r4      ; recuperar @ cuadr
                                                            ícula
   78 00000060         
   79 00000060 E35A0004        CMP              r10, #4     ; long_linea >= K_S
                                                            IZE
   80 00000064 A3A09001        MOVGE            r9, #1
   81 00000068 AA000011        BGE              sigue_bucle_for
   82 0000006C E3A09000        MOV              r9, #0
   83 00000070         
   84 00000070         
   85 00000070         ; Buscar sentido inverso
   86 00000070         
   87 00000070         ; @ de vectores de deltas
   88 00000070 E59F104C        LDR              r1, =dta_fila
   89 00000074 E59F204C        LDR              r2, =dta_columna
   90 00000078         
   91 00000078         ; lectura de la i-ésima componente
   92 00000078         ; de cada vector
   93 00000078 E19110D8        LDRSB            r1, [r1, r8] ; dta_fila[i]
   94 0000007C E19220D8        LDRSB            r2, [r2, r8] ; dta_columna[i]
   95 00000080         
   96 00000080         ; -deltas_fila[i]
   97 00000080 E2611000        NEG              r1, r1
   98 00000084         ; -deltas_columna[i]
   99 00000084 E2622000        NEG              r2, r2
  100 00000088         ; apilamos los deltas negados (parámetros 5 y 6)
  101 00000088 E92D0006        STMDB            sp!, {r1, r2}
  102 0000008C         
  103 0000008C         ; fila + (- delta_fila[i])
  104 0000008C E0851001        ADD              r1, r5, r1



ARM Macro Assembler    Page 3 


  105 00000090         
  106 00000090         ; columna + (- delta_columna[i])
  107 00000090 E0862002        ADD              r2, r6, r2
  108 00000094         
  109 00000094         ; parámetros r0-r3
  110 00000094 E1A00004        MOV              r0, r4      ; cuadricula
  111 00000098 E1A03007        MOV              r3, r7      ; color
  112 0000009C         
  113 0000009C EBFFFFFE        BL               conecta_K_buscar_alineamiento_c
  114 000000A0         
  115 000000A0 E08AA000        ADD              r10, r10, r0 ; long_linea += co
                                                            necta...()
  116 000000A4 E1A00004        MOV              r0, r4      ; recuperar @ table
                                                            ro
  117 000000A8         
  118 000000A8 E35A0004        CMP              r10, #4     ;  linea = long_lin
                                                            ea >= K_SIZE
  119 000000AC A3A09001        MOVGE            r9, #1
  120 000000B0 B3A09000        MOVLT            r9, #0
  121 000000B4         
  122 000000B4         sigue_bucle_for
  123 000000B4         
  124 000000B4         ; i++ y volver a inicio del bucle
  125 000000B4         ; para comprobar condiciones
  126 000000B4 E2888001        ADD              r8, r8, #1
  127 000000B8 EAFFFFDA        B                bucle_for
  128 000000BC         
  129 000000BC         return
  130 000000BC         
  131 000000BC E1A00009        MOV              r0, r9      ; r0 = linea
  132 000000C0         
  133 000000C0         ; Epilogo
  134 000000C0 E91BAFF0        LDMDB            FP, {r4-r10,FP,SP,PC}
  135 000000C4         ;----------------
  136 000000C4         
  137 000000C4                 END
              00000000 
              00000000 
Command Line: --debug --xref --diag_suppress=9931 --apcs=interwork --depend=.\o
bjects\conecta_k_hay_linea_arm_c.d -o.\objects\conecta_k_hay_linea_arm_c.o -IC:
\Keil_v5\ARM\RV31\INC -IC:\Keil_v5\ARM\CMSIS\Include -IC:\Keil_v5\ARM\INC\Phili
ps --predefine="__EVAL SETA 1" --predefine="__UVISION_VERSION SETA 526" --list=
.\listings\conecta_k_hay_linea_arm_c.lst conecta_K_hay_linea_arm_c.s



ARM Macro Assembler    Page 1 Alphabetic symbol ordering
Relocatable symbols

datos 00000000

Symbol: datos
   Definitions
      At line 1 in file conecta_K_hay_linea_arm_c.s
   Uses
      None
Comment: datos unused
dta_columna 00000004

Symbol: dta_columna
   Definitions
      At line 5 in file conecta_K_hay_linea_arm_c.s
   Uses
      At line 63 in file conecta_K_hay_linea_arm_c.s
      At line 89 in file conecta_K_hay_linea_arm_c.s

dta_fila 00000000

Symbol: dta_fila
   Definitions
      At line 4 in file conecta_K_hay_linea_arm_c.s
   Uses
      At line 62 in file conecta_K_hay_linea_arm_c.s
      At line 88 in file conecta_K_hay_linea_arm_c.s

3 symbols



ARM Macro Assembler    Page 1 Alphabetic symbol ordering
Relocatable symbols

bucle_for 00000028

Symbol: bucle_for
   Definitions
      At line 50 in file conecta_K_hay_linea_arm_c.s
   Uses
      At line 127 in file conecta_K_hay_linea_arm_c.s
Comment: bucle_for used once
codigo 00000000

Symbol: codigo
   Definitions
      At line 9 in file conecta_K_hay_linea_arm_c.s
   Uses
      None
Comment: codigo unused
conecta_K_hay_linea_arm_c 00000000

Symbol: conecta_K_hay_linea_arm_c
   Definitions
      At line 28 in file conecta_K_hay_linea_arm_c.s
   Uses
      At line 11 in file conecta_K_hay_linea_arm_c.s
Comment: conecta_K_hay_linea_arm_c used once
return 000000BC

Symbol: return
   Definitions
      At line 129 in file conecta_K_hay_linea_arm_c.s
   Uses
      At line 55 in file conecta_K_hay_linea_arm_c.s
      At line 57 in file conecta_K_hay_linea_arm_c.s

sigue_bucle_for 000000B4

Symbol: sigue_bucle_for
   Definitions
      At line 122 in file conecta_K_hay_linea_arm_c.s
   Uses
      At line 81 in file conecta_K_hay_linea_arm_c.s
Comment: sigue_bucle_for used once
5 symbols



ARM Macro Assembler    Page 1 Alphabetic symbol ordering
External symbols

conecta_K_buscar_alineamiento_c 00000000

Symbol: conecta_K_buscar_alineamiento_c
   Definitions
      At line 12 in file conecta_K_hay_linea_arm_c.s
   Uses
      At line 75 in file conecta_K_hay_linea_arm_c.s
      At line 113 in file conecta_K_hay_linea_arm_c.s

1 symbol
343 symbols in table
